{"contracts/Authority.sol":{"l":{"26":2,"27":2,"35":1,"36":1,"44":4,"45":4,"52":21,"53":19,"62":26,"63":17,"65":0,"67":9},"path":"/home/nimrod/SandBox/ethereum/aave/governance/contracts/Authority.sol","s":{"1":2,"2":2,"3":1,"4":1,"5":4,"6":4,"7":21,"8":26,"9":17,"10":9,"11":0,"12":9},"b":{"1":[19,2],"2":[17,9],"3":[0,9]},"f":{"1":2,"2":1,"3":4,"4":21,"5":26},"fnMap":{"1":{"name":null,"line":25,"loc":{"start":{"line":25,"column":4},"end":{"line":25,"column":22}}},"2":{"name":"setOwner","line":34,"loc":{"start":{"line":34,"column":4},"end":{"line":34,"column":51}}},"3":{"name":"setAuthority","line":43,"loc":{"start":{"line":43,"column":4},"end":{"line":43,"column":59}}},"4":{"name":"onlyAuth","line":51,"loc":{"start":{"line":51,"column":4},"end":{"line":51,"column":19}}},"5":{"name":"isAuthorized","line":61,"loc":{"start":{"line":61,"column":4},"end":{"line":61,"column":88}}}},"statementMap":{"1":{"start":{"line":26,"column":8},"end":{"line":26,"column":25}},"2":{"start":{"line":27,"column":8},"end":{"line":27,"column":31}},"3":{"start":{"line":35,"column":8},"end":{"line":35,"column":21}},"4":{"start":{"line":36,"column":8},"end":{"line":36,"column":31}},"5":{"start":{"line":44,"column":8},"end":{"line":44,"column":29}},"6":{"start":{"line":45,"column":8},"end":{"line":45,"column":39}},"7":{"start":{"line":52,"column":8},"end":{"line":52,"column":94}},"8":{"start":{"line":62,"column":2},"end":{"line":62,"column":1696}},"9":{"start":{"line":63,"column":12},"end":{"line":63,"column":23}},"10":{"start":{"line":64,"column":15},"end":{"line":64,"column":1756}},"11":{"start":{"line":65,"column":12},"end":{"line":65,"column":24}},"12":{"start":{"line":67,"column":12},"end":{"line":67,"column":62}}},"branchMap":{"1":{"line":52,"type":"if","locations":[{"start":{"line":52,"column":8},"end":{"line":52,"column":8}},{"start":{"line":52,"column":8},"end":{"line":52,"column":8}}]},"2":{"line":62,"type":"if","locations":[{"start":{"line":62,"column":2},"end":{"line":62,"column":2}},{"start":{"line":62,"column":2},"end":{"line":62,"column":2}}]},"3":{"line":64,"type":"if","locations":[{"start":{"line":64,"column":15},"end":{"line":64,"column":15}},{"start":{"line":64,"column":15},"end":{"line":64,"column":15}}]}}},"contracts/Ballot.sol":{"l":{"40":1,"41":1,"42":1,"46":4,"47":4,"62":1,"63":1,"64":1,"66":1,"68":1,"69":1,"71":1,"80":1,"82":1,"83":1,"92":3,"94":3,"95":3,"96":3,"98":3,"99":3,"100":3,"101":3,"108":1,"109":1,"110":1,"111":1,"112":1,"113":1,"114":3,"115":1,"116":1,"118":3,"120":1,"121":1,"122":1,"123":1,"125":1,"126":1,"136":9,"145":5,"154":1,"162":1,"163":1,"164":1,"167":1,"168":1,"170":1,"171":1,"173":0,"175":0,"176":0,"177":0,"178":0,"179":0,"181":0,"193":1,"194":1,"195":1,"196":1,"198":1,"213":1,"214":1},"path":"/home/nimrod/SandBox/ethereum/aave/governance/contracts/Ballot.sol","s":{"1":1,"2":1,"3":1,"4":4,"5":1,"6":1,"7":1,"8":1,"9":1,"10":1,"11":1,"12":1,"13":1,"14":1,"15":3,"16":3,"17":3,"18":3,"19":3,"20":3,"21":3,"22":3,"23":1,"24":1,"25":1,"26":1,"27":3,"28":1,"29":1,"30":3,"31":1,"32":1,"33":1,"34":1,"35":1,"36":9,"37":5,"38":1,"39":1,"40":1,"41":1,"42":1,"43":1,"44":1,"45":0,"46":0,"47":0,"48":0,"49":0,"50":1,"51":1,"52":1,"53":1,"54":1,"55":1},"b":{"1":[1,0],"2":[4,0],"3":[1,0],"4":[1,0],"5":[1,0],"6":[3,0],"7":[3,0],"8":[3,0],"9":[1,0],"10":[1,2],"11":[1,0],"12":[1,0],"13":[1,0],"14":[1,0],"15":[1,0],"16":[0,0],"17":[0,0],"18":[1,0]},"f":{"1":1,"2":4,"3":1,"4":3,"5":1,"6":9,"7":5,"8":1,"9":1,"10":1,"11":1},"fnMap":{"1":{"name":null,"line":39,"loc":{"start":{"line":39,"column":4},"end":{"line":39,"column":44}}},"2":{"name":"onlyAuth","line":45,"loc":{"start":{"line":45,"column":4},"end":{"line":45,"column":19}}},"3":{"name":"startPoll","line":58,"loc":{"start":{"line":58,"column":4},"end":{"line":61,"column":34}}},"4":{"name":"vote","line":91,"loc":{"start":{"line":91,"column":4},"end":{"line":91,"column":63}}},"5":{"name":"endPoll","line":107,"loc":{"start":{"line":107,"column":1},"end":{"line":107,"column":27}}},"6":{"name":"pollExists","line":135,"loc":{"start":{"line":135,"column":4},"end":{"line":135,"column":64}}},"7":{"name":"pollExpired","line":144,"loc":{"start":{"line":144,"column":1},"end":{"line":144,"column":65}}},"8":{"name":"pollExecuted","line":153,"loc":{"start":{"line":153,"column":1},"end":{"line":153,"column":66}}},"9":{"name":"insertPoll","line":161,"loc":{"start":{"line":161,"column":1},"end":{"line":161,"column":46}}},"10":{"name":"executeResult","line":192,"loc":{"start":{"line":192,"column":1},"end":{"line":192,"column":87}}},"11":{"name":"isValidPoll","line":212,"loc":{"start":{"line":212,"column":4},"end":{"line":212,"column":102}}}},"statementMap":{"1":{"start":{"line":40,"column":8},"end":{"line":40,"column":67}},"2":{"start":{"line":41,"column":8},"end":{"line":41,"column":58}},"3":{"start":{"line":42,"column":8},"end":{"line":42,"column":37}},"4":{"start":{"line":46,"column":8},"end":{"line":46,"column":126}},"5":{"start":{"line":62,"column":12},"end":{"line":62,"column":62}},"6":{"start":{"line":63,"column":3},"end":{"line":63,"column":61}},"7":{"start":{"line":64,"column":12},"end":{"line":64,"column":68}},"8":{"start":{"line":66,"column":12},"end":{"line":66,"column":112}},"9":{"start":{"line":68,"column":3},"end":{"line":68,"column":27}},"10":{"start":{"line":69,"column":3},"end":{"line":69,"column":54}},"11":{"start":{"line":71,"column":3},"end":{"line":71,"column":3099}},"12":{"start":{"line":80,"column":3},"end":{"line":80,"column":23}},"13":{"start":{"line":82,"column":3},"end":{"line":82,"column":63}},"14":{"start":{"line":83,"column":3},"end":{"line":83,"column":19}},"15":{"start":{"line":92,"column":8},"end":{"line":92,"column":42}},"16":{"start":{"line":94,"column":8},"end":{"line":94,"column":74}},"17":{"start":{"line":95,"column":8},"end":{"line":95,"column":66}},"18":{"start":{"line":96,"column":8},"end":{"line":96,"column":71}},"19":{"start":{"line":98,"column":8},"end":{"line":98,"column":115}},"20":{"start":{"line":99,"column":8},"end":{"line":99,"column":44}},"21":{"start":{"line":100,"column":8},"end":{"line":100,"column":71}},"22":{"start":{"line":101,"column":8},"end":{"line":101,"column":59}},"23":{"start":{"line":108,"column":2},"end":{"line":108,"column":32}},"24":{"start":{"line":109,"column":2},"end":{"line":109,"column":4359}},"25":{"start":{"line":110,"column":3},"end":{"line":110,"column":37}},"26":{"start":{"line":113,"column":3},"end":{"line":113,"column":4476}},"27":{"start":{"line":114,"column":4},"end":{"line":114,"column":4532}},"28":{"start":{"line":115,"column":5},"end":{"line":115,"column":40}},"29":{"start":{"line":116,"column":5},"end":{"line":116,"column":26}},"30":{"start":{"line":118,"column":4},"end":{"line":118,"column":40}},"31":{"start":{"line":120,"column":3},"end":{"line":120,"column":66}},"32":{"start":{"line":121,"column":3},"end":{"line":121,"column":4773}},"33":{"start":{"line":122,"column":4},"end":{"line":122,"column":67}},"34":{"start":{"line":123,"column":4},"end":{"line":123,"column":43}},"35":{"start":{"line":126,"column":3},"end":{"line":126,"column":95}},"36":{"start":{"line":136,"column":2},"end":{"line":136,"column":45}},"37":{"start":{"line":145,"column":2},"end":{"line":145,"column":74}},"38":{"start":{"line":154,"column":2},"end":{"line":154,"column":49}},"39":{"start":{"line":162,"column":2},"end":{"line":162,"column":59}},"40":{"start":{"line":163,"column":2},"end":{"line":163,"column":6306}},"41":{"start":{"line":164,"column":3},"end":{"line":164,"column":60}},"42":{"start":{"line":167,"column":2},"end":{"line":167,"column":38}},"43":{"start":{"line":168,"column":2},"end":{"line":168,"column":36}},"44":{"start":{"line":170,"column":2},"end":{"line":170,"column":6485}},"45":{"start":{"line":172,"column":9},"end":{"line":172,"column":6555}},"46":{"start":{"line":175,"column":3},"end":{"line":175,"column":6674}},"47":{"start":{"line":176,"column":4},"end":{"line":176,"column":6726}},"48":{"start":{"line":177,"column":5},"end":{"line":177,"column":48}},"49":{"start":{"line":181,"column":4},"end":{"line":181,"column":46}},"50":{"start":{"line":193,"column":2},"end":{"line":193,"column":35}},"51":{"start":{"line":194,"column":2},"end":{"line":194,"column":25}},"52":{"start":{"line":195,"column":2},"end":{"line":195,"column":50}},"53":{"start":{"line":196,"column":2},"end":{"line":196,"column":46}},"54":{"start":{"line":213,"column":8},"end":{"line":213,"column":106}},"55":{"start":{"line":214,"column":8},"end":{"line":214,"column":19}}},"branchMap":{"1":{"line":40,"type":"if","locations":[{"start":{"line":40,"column":8},"end":{"line":40,"column":8}},{"start":{"line":40,"column":8},"end":{"line":40,"column":8}}]},"2":{"line":46,"type":"if","locations":[{"start":{"line":46,"column":8},"end":{"line":46,"column":8}},{"start":{"line":46,"column":8},"end":{"line":46,"column":8}}]},"3":{"line":62,"type":"if","locations":[{"start":{"line":62,"column":12},"end":{"line":62,"column":12}},{"start":{"line":62,"column":12},"end":{"line":62,"column":12}}]},"4":{"line":63,"type":"if","locations":[{"start":{"line":63,"column":3},"end":{"line":63,"column":3}},{"start":{"line":63,"column":3},"end":{"line":63,"column":3}}]},"5":{"line":64,"type":"if","locations":[{"start":{"line":64,"column":12},"end":{"line":64,"column":12}},{"start":{"line":64,"column":12},"end":{"line":64,"column":12}}]},"6":{"line":94,"type":"if","locations":[{"start":{"line":94,"column":8},"end":{"line":94,"column":8}},{"start":{"line":94,"column":8},"end":{"line":94,"column":8}}]},"7":{"line":95,"type":"if","locations":[{"start":{"line":95,"column":8},"end":{"line":95,"column":8}},{"start":{"line":95,"column":8},"end":{"line":95,"column":8}}]},"8":{"line":96,"type":"if","locations":[{"start":{"line":96,"column":8},"end":{"line":96,"column":8}},{"start":{"line":96,"column":8},"end":{"line":96,"column":8}}]},"9":{"line":109,"type":"if","locations":[{"start":{"line":109,"column":2},"end":{"line":109,"column":2}},{"start":{"line":109,"column":2},"end":{"line":109,"column":2}}]},"10":{"line":114,"type":"if","locations":[{"start":{"line":114,"column":4},"end":{"line":114,"column":4}},{"start":{"line":114,"column":4},"end":{"line":114,"column":4}}]},"11":{"line":121,"type":"if","locations":[{"start":{"line":121,"column":3},"end":{"line":121,"column":3}},{"start":{"line":121,"column":3},"end":{"line":121,"column":3}}]},"12":{"line":122,"type":"if","locations":[{"start":{"line":122,"column":4},"end":{"line":122,"column":4}},{"start":{"line":122,"column":4},"end":{"line":122,"column":4}}]},"13":{"line":163,"type":"if","locations":[{"start":{"line":163,"column":2},"end":{"line":163,"column":2}},{"start":{"line":163,"column":2},"end":{"line":163,"column":2}}]},"14":{"line":164,"type":"if","locations":[{"start":{"line":164,"column":3},"end":{"line":164,"column":3}},{"start":{"line":164,"column":3},"end":{"line":164,"column":3}}]},"15":{"line":170,"type":"if","locations":[{"start":{"line":170,"column":2},"end":{"line":170,"column":2}},{"start":{"line":170,"column":2},"end":{"line":170,"column":2}}]},"16":{"line":172,"type":"if","locations":[{"start":{"line":172,"column":9},"end":{"line":172,"column":9}},{"start":{"line":172,"column":9},"end":{"line":172,"column":9}}]},"17":{"line":176,"type":"if","locations":[{"start":{"line":176,"column":4},"end":{"line":176,"column":4}},{"start":{"line":176,"column":4},"end":{"line":176,"column":4}}]},"18":{"line":213,"type":"if","locations":[{"start":{"line":213,"column":8},"end":{"line":213,"column":8}},{"start":{"line":213,"column":8},"end":{"line":213,"column":8}}]}}},"contracts/configuration/BallotConfiguration.sol":{"l":{},"path":"/home/nimrod/SandBox/ethereum/aave/governance/contracts/configuration/BallotConfiguration.sol","s":{"1":4,"2":6,"3":1},"b":{},"f":{"1":4,"2":6,"3":1},"fnMap":{"1":{"name":"getRoles","line":15,"loc":{"start":{"line":15,"column":4},"end":{"line":15,"column":50}}},"2":{"name":"getPool","line":16,"loc":{"start":{"line":16,"column":4},"end":{"line":16,"column":49}}},"3":{"name":"getMaxActivePolls","line":20,"loc":{"start":{"line":20,"column":4},"end":{"line":20,"column":59}}}},"statementMap":{"1":{"start":{"line":15,"column":55},"end":{"line":15,"column":82}},"2":{"start":{"line":16,"column":54},"end":{"line":16,"column":80}},"3":{"start":{"line":20,"column":64},"end":{"line":20,"column":101}}},"branchMap":{}},"contracts/configuration/base/Configurable.sol":{"l":{"24":10,"28":2,"32":1,"36":1},"path":"/home/nimrod/SandBox/ethereum/aave/governance/contracts/configuration/base/Configurable.sol","s":{"1":10,"2":2,"3":1,"4":1},"b":{},"f":{"1":10,"2":2,"3":1,"4":1},"fnMap":{"1":{"name":"getProvider","line":23,"loc":{"start":{"line":23,"column":4},"end":{"line":23,"column":72}}},"2":{"name":"setProvider","line":27,"loc":{"start":{"line":27,"column":4},"end":{"line":27,"column":74}}},"3":{"name":"getParameter","line":31,"loc":{"start":{"line":31,"column":4},"end":{"line":31,"column":73}}},"4":{"name":"setParameter","line":35,"loc":{"start":{"line":35,"column":4},"end":{"line":35,"column":73}}}},"statementMap":{"1":{"start":{"line":24,"column":8},"end":{"line":24,"column":67}},"2":{"start":{"line":28,"column":8},"end":{"line":28,"column":67}},"3":{"start":{"line":32,"column":8},"end":{"line":32,"column":68}},"4":{"start":{"line":36,"column":8},"end":{"line":36,"column":69}}},"branchMap":{}},"contracts/DLL.sol":{"l":{"33":1,"34":1,"36":1,"37":1,"39":1,"40":1,"43":1,"44":1,"47":1,"56":1,"57":1,"58":1,"60":1,"61":1,"63":1,"64":1,"66":1,"67":1,"70":1,"71":1,"74":1,"84":1,"94":1},"path":"/home/nimrod/SandBox/ethereum/aave/governance/contracts/DLL.sol","s":{"1":1,"2":1,"3":1,"4":1,"5":1,"6":1,"7":1,"8":1,"9":1,"10":1,"11":1,"12":1,"13":1,"14":1,"15":1,"16":1,"17":1,"18":1,"19":1,"20":1,"21":1,"22":1,"23":1},"b":{"1":[1,0],"2":[1,0],"3":[1,0],"4":[1,0],"5":[1,0]},"f":{"1":1,"2":1,"3":1,"4":1},"fnMap":{"1":{"name":"insert","line":32,"loc":{"start":{"line":32,"column":4},"end":{"line":32,"column":85}}},"2":{"name":"remove","line":55,"loc":{"start":{"line":55,"column":4},"end":{"line":55,"column":57}}},"3":{"name":"getNext","line":83,"loc":{"start":{"line":83,"column":4},"end":{"line":83,"column":81}}},"4":{"name":"getPrev","line":93,"loc":{"start":{"line":93,"column":4},"end":{"line":93,"column":81}}}},"statementMap":{"1":{"start":{"line":33,"column":8},"end":{"line":33,"column":33}},"2":{"start":{"line":34,"column":8},"end":{"line":34,"column":33}},"3":{"start":{"line":36,"column":8},"end":{"line":36,"column":33}},"4":{"start":{"line":37,"column":8},"end":{"line":37,"column":33}},"5":{"start":{"line":39,"column":8},"end":{"line":39,"column":996}},"6":{"start":{"line":40,"column":12},"end":{"line":40,"column":28}},"7":{"start":{"line":43,"column":8},"end":{"line":43,"column":1063}},"8":{"start":{"line":44,"column":12},"end":{"line":44,"column":27}},"9":{"start":{"line":47,"column":8},"end":{"line":47,"column":34}},"10":{"start":{"line":56,"column":8},"end":{"line":56,"column":44}},"11":{"start":{"line":57,"column":8},"end":{"line":57,"column":41}},"12":{"start":{"line":58,"column":8},"end":{"line":58,"column":41}},"13":{"start":{"line":60,"column":8},"end":{"line":60,"column":33}},"14":{"start":{"line":61,"column":8},"end":{"line":61,"column":33}},"15":{"start":{"line":63,"column":8},"end":{"line":63,"column":33}},"16":{"start":{"line":64,"column":8},"end":{"line":64,"column":33}},"17":{"start":{"line":66,"column":8},"end":{"line":66,"column":1714}},"18":{"start":{"line":67,"column":12},"end":{"line":67,"column":28}},"19":{"start":{"line":70,"column":8},"end":{"line":70,"column":1781}},"20":{"start":{"line":71,"column":12},"end":{"line":71,"column":27}},"21":{"start":{"line":74,"column":8},"end":{"line":74,"column":34}},"22":{"start":{"line":84,"column":8},"end":{"line":84,"column":34}},"23":{"start":{"line":94,"column":8},"end":{"line":94,"column":34}}},"branchMap":{"1":{"line":39,"type":"if","locations":[{"start":{"line":39,"column":8},"end":{"line":39,"column":8}},{"start":{"line":39,"column":8},"end":{"line":39,"column":8}}]},"2":{"line":43,"type":"if","locations":[{"start":{"line":43,"column":8},"end":{"line":43,"column":8}},{"start":{"line":43,"column":8},"end":{"line":43,"column":8}}]},"3":{"line":56,"type":"if","locations":[{"start":{"line":56,"column":8},"end":{"line":56,"column":8}},{"start":{"line":56,"column":8},"end":{"line":56,"column":8}}]},"4":{"line":66,"type":"if","locations":[{"start":{"line":66,"column":8},"end":{"line":66,"column":8}},{"start":{"line":66,"column":8},"end":{"line":66,"column":8}}]},"5":{"line":70,"type":"if","locations":[{"start":{"line":70,"column":8},"end":{"line":70,"column":8}},{"start":{"line":70,"column":8},"end":{"line":70,"column":8}}]}}},"contracts/Pool.sol":{"l":{"17":1,"18":1,"19":1,"23":1,"27":1,"31":3,"35":1,"39":1,"43":1,"44":1},"path":"/home/nimrod/SandBox/ethereum/aave/governance/contracts/Pool.sol","s":{"1":1,"2":1,"3":1,"4":1,"5":1,"6":3,"7":1,"8":1,"9":1},"b":{"1":[1,0],"2":[1,0]},"f":{"1":1,"2":1,"3":1,"4":3,"5":1,"6":1,"7":1},"fnMap":{"1":{"name":null,"line":16,"loc":{"start":{"line":16,"column":4},"end":{"line":16,"column":36}}},"2":{"name":"isValidPoll","line":22,"loc":{"start":{"line":22,"column":4},"end":{"line":22,"column":116}}},"3":{"name":"getPollDuration","line":26,"loc":{"start":{"line":26,"column":4},"end":{"line":26,"column":123}}},"4":{"name":"getVoteWeight","line":30,"loc":{"start":{"line":30,"column":4},"end":{"line":30,"column":121}}},"5":{"name":"getQuorum","line":34,"loc":{"start":{"line":34,"column":4},"end":{"line":34,"column":101}}},"6":{"name":"setInterest","line":38,"loc":{"start":{"line":38,"column":4},"end":{"line":38,"column":60}}},"7":{"name":"onlyAuth","line":42,"loc":{"start":{"line":42,"column":4},"end":{"line":42,"column":19}}}},"statementMap":{"1":{"start":{"line":17,"column":1},"end":{"line":17,"column":55}},"2":{"start":{"line":18,"column":1},"end":{"line":18,"column":14}},"3":{"start":{"line":19,"column":8},"end":{"line":19,"column":19}},"4":{"start":{"line":23,"column":1},"end":{"line":23,"column":12}},"5":{"start":{"line":27,"column":1},"end":{"line":27,"column":15}},"6":{"start":{"line":31,"column":1},"end":{"line":31,"column":12}},"7":{"start":{"line":35,"column":1},"end":{"line":35,"column":10}},"8":{"start":{"line":39,"column":1},"end":{"line":39,"column":22}},"9":{"start":{"line":43,"column":8},"end":{"line":43,"column":107}}},"branchMap":{"1":{"line":17,"type":"if","locations":[{"start":{"line":17,"column":1},"end":{"line":17,"column":1}},{"start":{"line":17,"column":1},"end":{"line":17,"column":1}}]},"2":{"line":43,"type":"if","locations":[{"start":{"line":43,"column":8},"end":{"line":43,"column":8}},{"start":{"line":43,"column":8},"end":{"line":43,"column":8}}]}}},"contracts/Roles.sol":{"l":{"25":2,"35":8,"36":8,"37":8,"38":7,"40":1,"42":8,"52":1,"53":1,"64":5,"65":5,"66":5,"67":4,"69":1,"71":5,"79":12,"88":9,"97":9,"106":3,"107":3,"108":3,"118":8,"119":1,"121":7,"122":7,"123":7,"133":2},"path":"/home/nimrod/SandBox/ethereum/aave/governance/contracts/Roles.sol","s":{"1":2,"2":8,"3":8,"4":8,"5":7,"6":1,"7":8,"8":1,"9":1,"10":5,"11":5,"12":5,"13":4,"14":1,"15":5,"16":12,"17":9,"18":9,"19":3,"20":3,"21":3,"22":8,"23":1,"24":7,"25":7,"26":7,"27":2},"b":{"1":[7,1],"2":[4,1],"3":[1,7]},"f":{"1":2,"2":8,"3":1,"4":5,"5":12,"6":9,"7":9,"8":3,"9":8,"10":2},"fnMap":{"1":{"name":null,"line":24,"loc":{"start":{"line":24,"column":4},"end":{"line":24,"column":22}}},"2":{"name":"setUserRole","line":34,"loc":{"start":{"line":34,"column":4},"end":{"line":34,"column":77}}},"3":{"name":"setPublicCapability","line":51,"loc":{"start":{"line":51,"column":4},"end":{"line":51,"column":86}}},"4":{"name":"setRoleCapability","line":63,"loc":{"start":{"line":63,"column":4},"end":{"line":63,"column":96}}},"5":{"name":"getUserRoles","line":78,"loc":{"start":{"line":78,"column":4},"end":{"line":78,"column":65}}},"6":{"name":"getCapabilityRoles","line":87,"loc":{"start":{"line":87,"column":4},"end":{"line":87,"column":84}}},"7":{"name":"isCapabilityPublic","line":96,"loc":{"start":{"line":96,"column":4},"end":{"line":96,"column":81}}},"8":{"name":"hasUserRole","line":105,"loc":{"start":{"line":105,"column":4},"end":{"line":105,"column":73}}},"9":{"name":"canCall","line":117,"loc":{"start":{"line":117,"column":4},"end":{"line":117,"column":86}}},"10":{"name":"bitNot","line":132,"loc":{"start":{"line":132,"column":4},"end":{"line":132,"column":63}}}},"statementMap":{"1":{"start":{"line":25,"column":8},"end":{"line":25,"column":34}},"2":{"start":{"line":35,"column":8},"end":{"line":35,"column":41}},"3":{"start":{"line":36,"column":8},"end":{"line":36,"column":70}},"4":{"start":{"line":37,"column":8},"end":{"line":37,"column":1290}},"5":{"start":{"line":38,"column":12},"end":{"line":38,"column":47}},"6":{"start":{"line":40,"column":12},"end":{"line":40,"column":55}},"7":{"start":{"line":42,"column":8},"end":{"line":42,"column":48}},"8":{"start":{"line":52,"column":8},"end":{"line":52,"column":46}},"9":{"start":{"line":53,"column":8},"end":{"line":53,"column":55}},"10":{"start":{"line":64,"column":8},"end":{"line":64,"column":53}},"11":{"start":{"line":65,"column":8},"end":{"line":65,"column":70}},"12":{"start":{"line":66,"column":8},"end":{"line":66,"column":2648}},"13":{"start":{"line":67,"column":12},"end":{"line":67,"column":59}},"14":{"start":{"line":69,"column":12},"end":{"line":69,"column":67}},"15":{"start":{"line":71,"column":8},"end":{"line":71,"column":72}},"16":{"start":{"line":79,"column":8},"end":{"line":79,"column":29}},"17":{"start":{"line":88,"column":8},"end":{"line":88,"column":41}},"18":{"start":{"line":97,"column":8},"end":{"line":97,"column":44}},"19":{"start":{"line":106,"column":8},"end":{"line":106,"column":40}},"20":{"start":{"line":107,"column":8},"end":{"line":107,"column":70}},"21":{"start":{"line":108,"column":8},"end":{"line":108,"column":44}},"22":{"start":{"line":118,"column":8},"end":{"line":118,"column":4618}},"23":{"start":{"line":119,"column":12},"end":{"line":119,"column":23}},"24":{"start":{"line":121,"column":12},"end":{"line":121,"column":50}},"25":{"start":{"line":122,"column":12},"end":{"line":122,"column":61}},"26":{"start":{"line":123,"column":12},"end":{"line":123,"column":54}},"27":{"start":{"line":133,"column":8},"end":{"line":133,"column":43}}},"branchMap":{"1":{"line":37,"type":"if","locations":[{"start":{"line":37,"column":8},"end":{"line":37,"column":8}},{"start":{"line":37,"column":8},"end":{"line":37,"column":8}}]},"2":{"line":66,"type":"if","locations":[{"start":{"line":66,"column":8},"end":{"line":66,"column":8}},{"start":{"line":66,"column":8},"end":{"line":66,"column":8}}]},"3":{"line":118,"type":"if","locations":[{"start":{"line":118,"column":8},"end":{"line":118,"column":8}},{"start":{"line":118,"column":8},"end":{"line":118,"column":8}}]}}}}