TN:
SF:/home/nimrod/SandBox/ethereum/aave/governance/contracts/Authority.sol
FN:25,
FN:34,setOwner
FN:43,setAuthority
FN:51,onlyAuth
FN:61,isAuthorized
FNF:5
FNH:5
FNDA:2,
FNDA:1,setOwner
FNDA:4,setAuthority
FNDA:21,onlyAuth
FNDA:26,isAuthorized
DA:26,2
DA:27,2
DA:35,1
DA:36,1
DA:44,4
DA:45,4
DA:52,21
DA:53,19
DA:62,26
DA:63,17
DA:65,0
DA:67,9
LF:12
LH:11
BRDA:52,1,0,19
BRDA:52,1,1,2
BRDA:62,2,0,17
BRDA:62,2,1,9
BRDA:64,3,0,0
BRDA:64,3,1,9
BRF:6
BRH:5
end_of_record
TN:
SF:/home/nimrod/SandBox/ethereum/aave/governance/contracts/Ballot.sol
FN:39,
FN:45,onlyAuth
FN:58,startPoll
FN:91,vote
FN:107,endPoll
FN:135,pollExists
FN:144,pollExpired
FN:153,pollExecuted
FN:161,insertPoll
FN:192,executeResult
FN:212,isValidPoll
FNF:11
FNH:11
FNDA:1,
FNDA:4,onlyAuth
FNDA:1,startPoll
FNDA:3,vote
FNDA:1,endPoll
FNDA:9,pollExists
FNDA:5,pollExpired
FNDA:1,pollExecuted
FNDA:1,insertPoll
FNDA:1,executeResult
FNDA:1,isValidPoll
DA:40,1
DA:41,1
DA:42,1
DA:46,4
DA:47,4
DA:62,1
DA:63,1
DA:64,1
DA:66,1
DA:68,1
DA:69,1
DA:71,1
DA:80,1
DA:82,1
DA:83,1
DA:92,3
DA:94,3
DA:95,3
DA:96,3
DA:98,3
DA:99,3
DA:100,3
DA:101,3
DA:108,1
DA:109,1
DA:110,1
DA:111,1
DA:112,1
DA:113,1
DA:114,3
DA:115,1
DA:116,1
DA:118,3
DA:120,1
DA:121,1
DA:122,1
DA:123,1
DA:125,1
DA:126,1
DA:136,9
DA:145,5
DA:154,1
DA:162,1
DA:163,1
DA:164,1
DA:167,1
DA:168,1
DA:170,1
DA:171,1
DA:173,0
DA:175,0
DA:176,0
DA:177,0
DA:178,0
DA:179,0
DA:181,0
DA:193,1
DA:194,1
DA:195,1
DA:196,1
DA:198,1
DA:213,1
DA:214,1
LF:63
LH:56
BRDA:40,1,0,1
BRDA:40,1,1,0
BRDA:46,2,0,4
BRDA:46,2,1,0
BRDA:62,3,0,1
BRDA:62,3,1,0
BRDA:63,4,0,1
BRDA:63,4,1,0
BRDA:64,5,0,1
BRDA:64,5,1,0
BRDA:94,6,0,3
BRDA:94,6,1,0
BRDA:95,7,0,3
BRDA:95,7,1,0
BRDA:96,8,0,3
BRDA:96,8,1,0
BRDA:109,9,0,1
BRDA:109,9,1,0
BRDA:114,10,0,1
BRDA:114,10,1,2
BRDA:121,11,0,1
BRDA:121,11,1,0
BRDA:122,12,0,1
BRDA:122,12,1,0
BRDA:163,13,0,1
BRDA:163,13,1,0
BRDA:164,14,0,1
BRDA:164,14,1,0
BRDA:170,15,0,1
BRDA:170,15,1,0
BRDA:172,16,0,0
BRDA:172,16,1,0
BRDA:176,17,0,0
BRDA:176,17,1,0
BRDA:213,18,0,1
BRDA:213,18,1,0
BRF:36
BRH:17
end_of_record
TN:
SF:/home/nimrod/SandBox/ethereum/aave/governance/contracts/configuration/BallotConfiguration.sol
FN:15,getRoles
FN:16,getPool
FN:20,getMaxActivePolls
FNF:3
FNH:3
FNDA:4,getRoles
FNDA:6,getPool
FNDA:1,getMaxActivePolls
LF:0
LH:0
BRF:0
BRH:0
end_of_record
TN:
SF:/home/nimrod/SandBox/ethereum/aave/governance/contracts/configuration/base/Configurable.sol
FN:23,getProvider
FN:27,setProvider
FN:31,getParameter
FN:35,setParameter
FNF:4
FNH:4
FNDA:10,getProvider
FNDA:2,setProvider
FNDA:1,getParameter
FNDA:1,setParameter
DA:24,10
DA:28,2
DA:32,1
DA:36,1
LF:4
LH:4
BRF:0
BRH:0
end_of_record
TN:
SF:/home/nimrod/SandBox/ethereum/aave/governance/contracts/DLL.sol
FN:32,insert
FN:55,remove
FN:83,getNext
FN:93,getPrev
FNF:4
FNH:4
FNDA:1,insert
FNDA:1,remove
FNDA:1,getNext
FNDA:1,getPrev
DA:33,1
DA:34,1
DA:36,1
DA:37,1
DA:39,1
DA:40,1
DA:43,1
DA:44,1
DA:47,1
DA:56,1
DA:57,1
DA:58,1
DA:60,1
DA:61,1
DA:63,1
DA:64,1
DA:66,1
DA:67,1
DA:70,1
DA:71,1
DA:74,1
DA:84,1
DA:94,1
LF:23
LH:23
BRDA:39,1,0,1
BRDA:39,1,1,0
BRDA:43,2,0,1
BRDA:43,2,1,0
BRDA:56,3,0,1
BRDA:56,3,1,0
BRDA:66,4,0,1
BRDA:66,4,1,0
BRDA:70,5,0,1
BRDA:70,5,1,0
BRF:10
BRH:5
end_of_record
TN:
SF:/home/nimrod/SandBox/ethereum/aave/governance/contracts/Pool.sol
FN:16,
FN:22,isValidPoll
FN:26,getPollDuration
FN:30,getVoteWeight
FN:34,getQuorum
FN:38,setInterest
FN:42,onlyAuth
FNF:7
FNH:7
FNDA:1,
FNDA:1,isValidPoll
FNDA:1,getPollDuration
FNDA:3,getVoteWeight
FNDA:1,getQuorum
FNDA:1,setInterest
FNDA:1,onlyAuth
DA:17,1
DA:18,1
DA:19,1
DA:23,1
DA:27,1
DA:31,3
DA:35,1
DA:39,1
DA:43,1
DA:44,1
LF:10
LH:10
BRDA:17,1,0,1
BRDA:17,1,1,0
BRDA:43,2,0,1
BRDA:43,2,1,0
BRF:4
BRH:2
end_of_record
TN:
SF:/home/nimrod/SandBox/ethereum/aave/governance/contracts/Roles.sol
FN:24,
FN:34,setUserRole
FN:51,setPublicCapability
FN:63,setRoleCapability
FN:78,getUserRoles
FN:87,getCapabilityRoles
FN:96,isCapabilityPublic
FN:105,hasUserRole
FN:117,canCall
FN:132,bitNot
FNF:10
FNH:10
FNDA:2,
FNDA:8,setUserRole
FNDA:1,setPublicCapability
FNDA:5,setRoleCapability
FNDA:12,getUserRoles
FNDA:9,getCapabilityRoles
FNDA:9,isCapabilityPublic
FNDA:3,hasUserRole
FNDA:8,canCall
FNDA:2,bitNot
DA:25,2
DA:35,8
DA:36,8
DA:37,8
DA:38,7
DA:40,1
DA:42,8
DA:52,1
DA:53,1
DA:64,5
DA:65,5
DA:66,5
DA:67,4
DA:69,1
DA:71,5
DA:79,12
DA:88,9
DA:97,9
DA:106,3
DA:107,3
DA:108,3
DA:118,8
DA:119,1
DA:121,7
DA:122,7
DA:123,7
DA:133,2
LF:27
LH:27
BRDA:37,1,0,7
BRDA:37,1,1,1
BRDA:66,2,0,4
BRDA:66,2,1,1
BRDA:118,3,0,1
BRDA:118,3,1,7
BRF:6
BRH:6
end_of_record
